生成启动时间为 2019/5/9 17:14:05。
     1>项目“D:\WorkSpace\wendao\Project\C++\white_tea_signin\white_tea_signin\white_tea_signin.vcxproj”在节点 2 上(Build 个目标)。
     1>ClCompile:
         C:\Program Files (x86)\Microsoft Visual Studio 12.0\VC\bin\CL.exe /c /ZI /nologo /W3 /WX- /sdl /Od /Oy- /D API_EXPORTS /D WIN32 /D _DEBUG /D _CONSOLE /D _LIB /D _MBCS /Gm /EHsc /RTC1 /MDd /GS /fp:precise /Zc:wchar_t /Zc:forScope /Yu"stdafx.h" /Fp"Debug\white_tea_signin.pch" /Fo"Debug\\" /Fd"Debug\vc120.pdb" /Gd /TP /analyze- /errorReport:prompt Curl.cpp
         Curl.cpp
       Link:
         C:\Program Files (x86)\Microsoft Visual Studio 12.0\VC\bin\link.exe /ERRORREPORT:PROMPT /OUT:"D:\WorkSpace\wendao\Project\C++\white_tea_signin\white_tea_signin\Debug\white_tea_signin.exe" /INCREMENTAL /NOLOGO opencv_ml249d.lib opencv_calib3d249d.lib opencv_contrib249d.lib opencv_core249d.lib opencv_features2d249d.lib opencv_flann249d.lib opencv_gpu249d.lib opencv_highgui249d.lib opencv_imgproc249d.lib opencv_legacy249d.lib opencv_objdetect249d.lib opencv_ts249d.lib opencv_video249d.lib opencv_nonfree249d.lib opencv_ocl249d.lib opencv_photo249d.lib opencv_stitching249d.lib opencv_superres249d.lib opencv_videostab249d.lib opencv_objdetect249.lib opencv_ts249.lib opencv_video249.lib opencv_nonfree249.lib opencv_ocl249.lib opencv_photo249.lib opencv_stitching249.lib opencv_superres249.lib opencv_videostab249.lib opencv_calib3d249.lib opencv_contrib249.lib opencv_core249.lib opencv_features2d249.lib opencv_flann249.lib opencv_gpu249.lib opencv_highgui249.lib opencv_imgproc249.lib opencv_legacy249.lib opencv_ml249.lib kernel32.lib user32.lib gdi32.lib winspool.lib comdlg32.lib advapi32.lib shell32.lib ole32.lib oleaut32.lib uuid.lib odbc32.lib odbccp32.lib /MANIFEST /MANIFESTUAC:"level='asInvoker' uiAccess='false'" /manifest:embed /DEBUG /PDB:"D:\WorkSpace\wendao\Project\C++\white_tea_signin\white_tea_signin\Debug\white_tea_signin.pdb" /SUBSYSTEM:CONSOLE /TLBID:1 /DYNAMICBASE /NXCOMPAT /IMPLIB:"D:\WorkSpace\wendao\Project\C++\white_tea_signin\white_tea_signin\Debug\white_tea_signin.lib" /MACHINE:X86 Debug\cMyTimer.obj
         Debug\json_reader.obj
         Debug\json_value.obj
         Debug\json_writer.obj
         Debug\Curl.obj
         Debug\Log.obj
         Debug\NFCReader.obj
         Debug\PlaySound.obj
         Debug\stdafx.obj
         Debug\white_tea_signin.obj
         white_tea_signin.vcxproj -> D:\WorkSpace\wendao\Project\C++\white_tea_signin\white_tea_signin\Debug\white_tea_signin.exe
     1>已完成生成项目“D:\WorkSpace\wendao\Project\C++\white_tea_signin\white_tea_signin\white_tea_signin.vcxproj”(Build 个目标)的操作。

生成成功。

已用时间 00:00:01.06
