d:\workspace\wendao\project\c++\white_tea_signin\white_tea_signin\debug\white_tea_signin.pch
d:\workspace\wendao\project\c++\white_tea_signin\white_tea_signin\debug\vc120.pdb
d:\workspace\wendao\project\c++\white_tea_signin\white_tea_signin\debug\vc120.idb
d:\workspace\wendao\project\c++\white_tea_signin\white_tea_signin\debug\stdafx.obj
d:\workspace\wendao\project\c++\white_tea_signin\white_tea_signin\debug\cmytimer.obj
d:\workspace\wendao\project\c++\white_tea_signin\white_tea_signin\debug\curl.obj
d:\workspace\wendao\project\c++\white_tea_signin\white_tea_signin\debug\log.obj
d:\workspace\wendao\project\c++\white_tea_signin\white_tea_signin\debug\nfcreader.obj
d:\workspace\wendao\project\c++\white_tea_signin\white_tea_signin\debug\playsound.obj
d:\workspace\wendao\project\c++\white_tea_signin\white_tea_signin\debug\white_tea_signin.obj
d:\workspace\wendao\project\c++\white_tea_signin\white_tea_signin\debug\json_reader.obj
d:\workspace\wendao\project\c++\white_tea_signin\white_tea_signin\debug\json_value.obj
d:\workspace\wendao\project\c++\white_tea_signin\white_tea_signin\debug\json_writer.obj
d:\workspace\wendao\project\c++\white_tea_signin\white_tea_signin\debug\white_tea_signin.ilk
d:\workspace\wendao\project\c++\white_tea_signin\white_tea_signin\debug\white_tea_signin.exe
d:\workspace\wendao\project\c++\white_tea_signin\white_tea_signin\debug\white_tea_signin.pdb
d:\workspace\wendao\project\c++\white_tea_signin\white_tea_signin\debug\white_tea_signin.tlog\cl.command.1.tlog
d:\workspace\wendao\project\c++\white_tea_signin\white_tea_signin\debug\white_tea_signin.tlog\cl.read.1.tlog
d:\workspace\wendao\project\c++\white_tea_signin\white_tea_signin\debug\white_tea_signin.tlog\cl.write.1.tlog
d:\workspace\wendao\project\c++\white_tea_signin\white_tea_signin\debug\white_tea_signin.tlog\link.command.1.tlog
d:\workspace\wendao\project\c++\white_tea_signin\white_tea_signin\debug\white_tea_signin.tlog\link.read.1.tlog
d:\workspace\wendao\project\c++\white_tea_signin\white_tea_signin\debug\white_tea_signin.tlog\link.write.1.tlog
